{"total": {"lines":{"total":10,"covered":10,"skipped":0,"pct":100},"statements":{"total":14,"covered":12,"skipped":0,"pct":85.71},"functions":{"total":4,"covered":2,"skipped":0,"pct":50},"branches":{"total":3,"covered":3,"skipped":0,"pct":100},"branchesTrue":{"total":0,"covered":0,"skipped":0,"pct":100}}
,"/Users/andrenespolon/dev/zup/fahz/fahz-frontend-monorepo-ak/packages/design-system/.jest/mocks/file-mock.ts": {"lines":{"total":4,"covered":4,"skipped":0,"pct":100},"functions":{"total":2,"covered":0,"skipped":0,"pct":0},"statements":{"total":6,"covered":4,"skipped":0,"pct":66.66},"branches":{"total":0,"covered":0,"skipped":0,"pct":100}}
,"/Users/andrenespolon/dev/zup/fahz/fahz-frontend-monorepo-ak/packages/design-system/src/components/button/button.tsx": {"lines":{"total":6,"covered":6,"skipped":0,"pct":100},"functions":{"total":2,"covered":2,"skipped":0,"pct":100},"statements":{"total":8,"covered":8,"skipped":0,"pct":100},"branches":{"total":3,"covered":3,"skipped":0,"pct":100}}
}
