{"total": {"lines":{"total":30,"covered":27,"skipped":0,"pct":90},"statements":{"total":33,"covered":28,"skipped":0,"pct":84.84},"functions":{"total":6,"covered":4,"skipped":0,"pct":66.66},"branches":{"total":9,"covered":6,"skipped":0,"pct":66.66},"branchesTrue":{"total":0,"covered":0,"skipped":0,"pct":100}}
,"/Users/andrenespolon/dev/zup/fahz/fahz-frontend-monorepo-ak/packages/utility/.jest/mocks/file-mock.ts": {"lines":{"total":4,"covered":4,"skipped":0,"pct":100},"functions":{"total":2,"covered":0,"skipped":0,"pct":0},"statements":{"total":6,"covered":4,"skipped":0,"pct":66.66},"branches":{"total":0,"covered":0,"skipped":0,"pct":100}}
,"/Users/andrenespolon/dev/zup/fahz/fahz-frontend-monorepo-ak/packages/utility/src/compare-arrays/compare-arrays.ts": {"lines":{"total":6,"covered":5,"skipped":0,"pct":83.33},"functions":{"total":1,"covered":1,"skipped":0,"pct":100},"statements":{"total":6,"covered":5,"skipped":0,"pct":83.33},"branches":{"total":4,"covered":2,"skipped":0,"pct":50}}
,"/Users/andrenespolon/dev/zup/fahz/fahz-frontend-monorepo-ak/packages/utility/src/compare-objects/compare-objects.ts": {"lines":{"total":11,"covered":9,"skipped":0,"pct":81.81},"functions":{"total":1,"covered":1,"skipped":0,"pct":100},"statements":{"total":11,"covered":9,"skipped":0,"pct":81.81},"branches":{"total":2,"covered":2,"skipped":0,"pct":100}}
,"/Users/andrenespolon/dev/zup/fahz/fahz-frontend-monorepo-ak/packages/utility/src/compare-objects/index.ts": {"lines":{"total":1,"covered":1,"skipped":0,"pct":100},"functions":{"total":1,"covered":1,"skipped":0,"pct":100},"statements":{"total":1,"covered":1,"skipped":0,"pct":100},"branches":{"total":3,"covered":2,"skipped":0,"pct":66.66}}
,"/Users/andrenespolon/dev/zup/fahz/fahz-frontend-monorepo-ak/packages/utility/src/convert-to-error/convert-to-error.ts": {"lines":{"total":8,"covered":8,"skipped":0,"pct":100},"functions":{"total":1,"covered":1,"skipped":0,"pct":100},"statements":{"total":9,"covered":9,"skipped":0,"pct":100},"branches":{"total":0,"covered":0,"skipped":0,"pct":100}}
}
