{"/home/andre/dev/finnet/lunapay-frontend-monorepo-ak/packages/utility/src/compareArrays/compare-arrays.ts": {"path":"/home/andre/dev/finnet/lunapay-frontend-monorepo-ak/packages/utility/src/compareArrays/compare-arrays.ts","statementMap":{"0":{"start":{"line":2,"column":0},"end":{"line":2,"column":null}},"1":{"start":{"line":14,"column":1},"end":{"line":14,"column":59}},"2":{"start":{"line":17,"column":2},"end":{"line":17,"column":null}},"3":{"start":{"line":20,"column":16},"end":{"line":20,"column":17}},"4":{"start":{"line":22,"column":3},"end":{"line":22,"column":null}},"5":{"start":{"line":26,"column":1},"end":{"line":26,"column":null}}},"fnMap":{"0":{"name":"compareArrays","decl":{"start":{"line":11,"column":16},"end":{"line":11,"column":29}},"loc":{"start":{"line":14,"column":59},"end":{"line":27,"column":null}}}},"branchMap":{"0":{"loc":{"start":{"line":14,"column":1},"end":{"line":14,"column":59}},"type":"cond-expr","locations":[{"start":{"line":14,"column":1},"end":{"line":14,"column":45}},{"start":{"line":14,"column":45},"end":{"line":14,"column":59}}]},"1":{"loc":{"start":{"line":14,"column":1},"end":{"line":14,"column":45}},"type":"binary-expr","locations":[{"start":{"line":14,"column":1},"end":{"line":14,"column":45}},{"start":{"line":14,"column":1},"end":{"line":14,"column":45}}]}},"s":{"0":1,"1":4,"2":0,"3":4,"4":2,"5":2},"f":{"0":4},"b":{"0":[0,4],"1":[4,0]}}
,"/home/andre/dev/finnet/lunapay-frontend-monorepo-ak/packages/utility/src/compareObjects/compare-objects.ts": {"path":"/home/andre/dev/finnet/lunapay-frontend-monorepo-ak/packages/utility/src/compareObjects/compare-objects.ts","statementMap":{"0":{"start":{"line":13,"column":2},"end":{"line":13,"column":null}},"1":{"start":{"line":17,"column":2},"end":{"line":17,"column":null}},"2":{"start":{"line":23,"column":15},"end":{"line":23,"column":39}},"3":{"start":{"line":28,"column":15},"end":{"line":28,"column":39}},"4":{"start":{"line":31,"column":2},"end":{"line":31,"column":null}},"5":{"start":{"line":34,"column":25},"end":{"line":34,"column":67}},"6":{"start":{"line":36,"column":16},"end":{"line":36,"column":17}},"7":{"start":{"line":37,"column":14},"end":{"line":37,"column":24}},"8":{"start":{"line":40,"column":3},"end":{"line":40,"column":null}},"9":{"start":{"line":44,"column":3},"end":{"line":44,"column":null}},"10":{"start":{"line":48,"column":1},"end":{"line":48,"column":null}}},"fnMap":{"0":{"name":"compareObjects","decl":{"start":{"line":11,"column":16},"end":{"line":11,"column":30}},"loc":{"start":{"line":11,"column":59},"end":{"line":49,"column":null}}}},"branchMap":{"0":{"loc":{"start":{"line":16,"column":5},"end":{"line":16,"column":33}},"type":"binary-expr","locations":[{"start":{"line":16,"column":5},"end":{"line":16,"column":17}},{"start":{"line":16,"column":21},"end":{"line":16,"column":33}}]}},"s":{"0":3,"1":0,"2":3,"3":3,"4":1,"5":2,"6":2,"7":4,"8":0,"9":1,"10":1},"f":{"0":6},"b":{"0":[3,3]}}
,"/home/andre/dev/finnet/lunapay-frontend-monorepo-ak/packages/utility/src/compareObjects/index.ts": {"path":"/home/andre/dev/finnet/lunapay-frontend-monorepo-ak/packages/utility/src/compareObjects/index.ts","statementMap":{"0":{"start":{"line":1,"column":0},"end":{"line":1,"column":null}}},"fnMap":{"0":{"name":"(anonymous_0)","decl":{"start":{"line":1,"column":0},"end":{"line":1,"column":null}},"loc":{"start":{"line":1,"column":0},"end":{"line":1,"column":null}}}},"branchMap":{"0":{"loc":{"start":{"line":1,"column":0},"end":{"line":1,"column":null}},"type":"if","locations":[{"start":{"line":1,"column":0},"end":{"line":1,"column":null}}]},"1":{"loc":{"start":{"line":1,"column":0},"end":{"line":1,"column":null}},"type":"binary-expr","locations":[{"start":{"line":1,"column":0},"end":{"line":1,"column":null}},{"start":{"line":1,"column":0},"end":{"line":1,"column":null}}]}},"s":{"0":9},"f":{"0":5},"b":{"0":[0],"1":[2,1]}}
,"/home/andre/dev/finnet/lunapay-frontend-monorepo-ak/packages/utility/src/convertProductName/convert-product-name.ts": {"path":"/home/andre/dev/finnet/lunapay-frontend-monorepo-ak/packages/utility/src/convertProductName/convert-product-name.ts","statementMap":{"0":{"start":{"line":12,"column":3},"end":{"line":12,"column":null}},"1":{"start":{"line":15,"column":3},"end":{"line":15,"column":null}},"2":{"start":{"line":18,"column":3},"end":{"line":18,"column":null}},"3":{"start":{"line":21,"column":3},"end":{"line":21,"column":null}}},"fnMap":{"0":{"name":"convertProductName","decl":{"start":{"line":9,"column":16},"end":{"line":9,"column":34}},"loc":{"start":{"line":9,"column":68},"end":{"line":23,"column":null}}}},"branchMap":{"0":{"loc":{"start":{"line":11,"column":2},"end":{"line":12,"column":null}},"type":"switch","locations":[{"start":{"line":11,"column":2},"end":{"line":12,"column":null}},{"start":{"line":14,"column":2},"end":{"line":15,"column":null}},{"start":{"line":17,"column":2},"end":{"line":18,"column":null}},{"start":{"line":20,"column":2},"end":{"line":21,"column":null}}]}},"s":{"0":0,"1":1,"2":0,"3":1},"f":{"0":2},"b":{"0":[0,1,0,1]}}
,"/home/andre/dev/finnet/lunapay-frontend-monorepo-ak/packages/utility/src/convertToError/convert-to-error.ts": {"path":"/home/andre/dev/finnet/lunapay-frontend-monorepo-ak/packages/utility/src/convertToError/convert-to-error.ts","statementMap":{"0":{"start":{"line":4,"column":31},"end":{"line":26,"column":1}},"1":{"start":{"line":8,"column":2},"end":{"line":8,"column":null}},"2":{"start":{"line":10,"column":2},"end":{"line":10,"column":null}},"3":{"start":{"line":13,"column":3},"end":{"line":15,"column":null}},"4":{"start":{"line":17,"column":3},"end":{"line":19,"column":null}},"5":{"start":{"line":22,"column":2},"end":{"line":22,"column":null}},"6":{"start":{"line":25,"column":1},"end":{"line":25,"column":null}},"7":{"start":{"line":26,"column":2},"end":{"line":26,"column":null}},"8":{"start":{"line":28,"column":15},"end":{"line":28,"column":29}},"9":{"start":{"line":28,"column":29},"end":{"line":28,"column":null}}},"fnMap":{"0":{"name":"(anonymous_0)","decl":{"start":{"line":4,"column":31},"end":{"line":4,"column":41}},"loc":{"start":{"line":4,"column":52},"end":{"line":26,"column":1}}}},"branchMap":{},"s":{"0":1,"1":1,"2":1,"3":4,"4":1,"5":1,"6":7,"7":1,"8":1,"9":1},"f":{"0":7},"b":{}}
,"/home/andre/dev/finnet/lunapay-frontend-monorepo-ak/packages/utility/src/convertUrlProduct/convert-url-product.ts": {"path":"/home/andre/dev/finnet/lunapay-frontend-monorepo-ak/packages/utility/src/convertUrlProduct/convert-url-product.ts","statementMap":{"0":{"start":{"line":3,"column":12},"end":{"line":3,"column":60}},"1":{"start":{"line":5,"column":24},"end":{"line":7,"column":5}},"2":{"start":{"line":9,"column":24},"end":{"line":11,"column":5}},"3":{"start":{"line":13,"column":27},"end":{"line":15,"column":5}},"4":{"start":{"line":26,"column":3},"end":{"line":26,"column":null}},"5":{"start":{"line":29,"column":3},"end":{"line":29,"column":null}},"6":{"start":{"line":32,"column":3},"end":{"line":32,"column":null}},"7":{"start":{"line":35,"column":3},"end":{"line":35,"column":null}}},"fnMap":{"0":{"name":"convertUrlProduct","decl":{"start":{"line":23,"column":16},"end":{"line":23,"column":33}},"loc":{"start":{"line":23,"column":67},"end":{"line":37,"column":null}}}},"branchMap":{"0":{"loc":{"start":{"line":3,"column":12},"end":{"line":3,"column":60}},"type":"binary-expr","locations":[{"start":{"line":3,"column":12},"end":{"line":3,"column":50}},{"start":{"line":3,"column":54},"end":{"line":3,"column":60}}]},"1":{"loc":{"start":{"line":5,"column":24},"end":{"line":7,"column":5}},"type":"cond-expr","locations":[{"start":{"line":6,"column":3},"end":{"line":6,"column":48}},{"start":{"line":7,"column":3},"end":{"line":7,"column":5}}]},"2":{"loc":{"start":{"line":9,"column":24},"end":{"line":11,"column":5}},"type":"cond-expr","locations":[{"start":{"line":10,"column":3},"end":{"line":10,"column":48}},{"start":{"line":11,"column":3},"end":{"line":11,"column":5}}]},"3":{"loc":{"start":{"line":13,"column":27},"end":{"line":15,"column":5}},"type":"cond-expr","locations":[{"start":{"line":14,"column":3},"end":{"line":14,"column":48}},{"start":{"line":15,"column":3},"end":{"line":15,"column":5}}]},"4":{"loc":{"start":{"line":25,"column":2},"end":{"line":26,"column":null}},"type":"switch","locations":[{"start":{"line":25,"column":2},"end":{"line":26,"column":null}},{"start":{"line":28,"column":2},"end":{"line":29,"column":null}},{"start":{"line":31,"column":2},"end":{"line":32,"column":null}},{"start":{"line":34,"column":2},"end":{"line":35,"column":null}}]}},"s":{"0":1,"1":1,"2":1,"3":1,"4":0,"5":1,"6":0,"7":1},"f":{"0":2},"b":{"0":[1,1],"1":[1,0],"2":[1,0],"3":[1,0],"4":[0,1,0,1]}}
}
