TN:
SF:.jest/mocks/file-mock.ts
FN:1,(anonymous_0)
FN:11,(anonymous_1)
FNF:2
FNH:0
FNDA:0,(anonymous_0)
FNDA:0,(anonymous_1)
DA:1,3
DA:7,3
DA:11,3
DA:17,3
LF:4
LH:4
BRF:0
BRH:0
end_of_record
TN:
SF:src/compare-arrays/compare-arrays.ts
FN:11,compareArrays
FNF:1
FNH:1
FNDA:4,compareArrays
DA:2,1
DA:14,4
DA:17,0
DA:20,4
DA:22,2
DA:26,2
LF:6
LH:5
BRDA:14,0,0,0
BRDA:14,0,1,4
BRDA:14,1,0,4
BRDA:14,1,1,0
BRF:4
BRH:2
end_of_record
TN:
SF:src/compare-objects/compare-objects.ts
FN:11,compareObjects
FNF:1
FNH:1
FNDA:6,compareObjects
DA:13,3
DA:17,0
DA:23,3
DA:28,3
DA:31,1
DA:34,2
DA:36,2
DA:37,4
DA:40,0
DA:44,1
DA:48,1
LF:11
LH:9
BRDA:16,0,0,3
BRDA:16,0,1,3
BRF:2
BRH:2
end_of_record
TN:
SF:src/compare-objects/index.ts
FN:1,(anonymous_0)
FNF:1
FNH:1
FNDA:5,(anonymous_0)
DA:1,9
LF:1
LH:1
BRDA:1,0,0,0
BRDA:1,1,0,2
BRDA:1,1,1,1
BRF:3
BRH:2
end_of_record
TN:
SF:src/convert-to-error/convert-to-error.ts
FN:4,(anonymous_0)
FNF:1
FNH:1
FNDA:7,(anonymous_0)
DA:4,1
DA:8,1
DA:10,1
DA:13,4
DA:17,1
DA:22,1
DA:25,7
DA:26,1
LF:8
LH:8
BRF:0
BRH:0
end_of_record
